[    0.000000] Initializing cgroup subsys cpuset
[    0.000000] Initializing cgroup subsys cpu
[    0.000000] Initializing cgroup subsys cpuacct
[    0.000000] Linux version 4.4.0-97-generic (buildd@lcy01-33) (gcc version 5.4.0 20160609 (Ubuntu 5.4.0-6ubuntu1~16.04.4) ) #120-Ubuntu SMP Tue Sep 19 17:28:18 UTC 2017 (Ubuntu 4.4.0-97.120-generic 4.4.87)
[    0.000000] Command line: BOOT_IMAGE=/boot/vmlinuz-4.4.0-97-generic root=LABEL=cloudimg-rootfs ro console=tty1 console=ttyS0
[    0.000000] KERNEL supported cpus:
[    0.000000]   Intel GenuineIntel
[    0.000000]   AMD AuthenticAMD
[    0.000000]   Centaur CentaurHauls
[    0.000000] ------------[ cut here ]------------
[    0.000000] WARNING: CPU: 0 PID: 0 at /build/linux-Pcn0xK/linux-4.4.0/arch/x86/kernel/fpu/xstate.c:517 fpu__init_system_xstate+0x38b/0x75a()
[    0.000000] XSAVE consistency problem, dumping leaves
[    0.000000] Modules linked in:
[    0.000000] CPU: 0 PID: 0 Comm: swapper Not tainted 4.4.0-97-generic #120-Ubuntu
[    0.000000]  0000000000000086 9c87ebf6ad8f3a75 ffffffff81e03d80 ffffffff813fabe3
[    0.000000]  ffffffff81e03dc8 ffffffff81caa640 ffffffff81e03db8 ffffffff810812e2
[    0.000000]  ffffffff81e03e48 ffffffff81e03e4c 0000000000000008 0000000000000100
[    0.000000] Call Trace:
[    0.000000]  [<ffffffff813fabe3>] dump_stack+0x63/0x90
[    0.000000]  [<ffffffff810812e2>] warn_slowpath_common+0x82/0xc0
[    0.000000]  [<ffffffff8108137c>] warn_slowpath_fmt+0x5c/0x80
[    0.000000]  [<ffffffff8107cff0>] ? xfeature_size+0x59/0x77
[    0.000000]  [<ffffffff81f6e20b>] fpu__init_system_xstate+0x38b/0x75a
[    0.000000]  [<ffffffff81f5e120>] ? early_idt_handler_array+0x120/0x120
[    0.000000]  [<ffffffff81f6db76>] fpu__init_system+0x10d/0x245
[    0.000000]  [<ffffffff81f6ec7f>] early_cpu_init+0x139/0x13e
[    0.000000]  [<ffffffff81f6ec7f>] ? early_cpu_init+0x139/0x13e
[    0.000000]  [<ffffffff81f6a181>] setup_arch+0xb4/0xcf6
[    0.000000]  [<ffffffff81f5e120>] ? early_idt_handler_array+0x120/0x120
[    0.000000]  [<ffffffff81f5ec74>] start_kernel+0xe4/0x4a2
[    0.000000]  [<ffffffff81f5e120>] ? early_idt_handler_array+0x120/0x120
[    0.000000]  [<ffffffff81f5e339>] x86_64_start_reservations+0x2a/0x2c
[    0.000000]  [<ffffffff81f5e485>] x86_64_start_kernel+0x14a/0x16d
[    0.000000] ---[ end trace 4d5ff9f2f68c4233 ]---
[    0.000000] CPUID[0d, 00]: eax=00000007 ebx=00000440 ecx=00000440 edx=00000000
[    0.000000] CPUID[0d, 01]: eax=00000000 ebx=000003c0 ecx=00000000 edx=00000000
[    0.000000] CPUID[0d, 02]: eax=00000100 ebx=00000240 ecx=00000000 edx=00000000
[    0.000000] CPUID[0d, 03]: eax=00000000 ebx=00000000 ecx=00000000 edx=00000000
[    0.000000] CPUID[0d, 04]: eax=00000000 ebx=00000000 ecx=00000000 edx=00000000
[    0.000000] CPUID[0d, 05]: eax=00000000 ebx=00000000 ecx=00000000 edx=00000000
[    0.000000] CPUID[0d, 06]: eax=00000000 ebx=00000000 ecx=00000000 edx=00000000
[    0.000000] CPUID[0d, 07]: eax=00000000 ebx=00000000 ecx=00000000 edx=00000000
[    0.000000] CPUID[0d, 08]: eax=00000000 ebx=00000000 ecx=00000000 edx=00000000
[    0.000000] CPUID[0d, 09]: eax=00000000 ebx=00000000 ecx=00000000 edx=00000000
[    0.000000] CPUID[0d, 0a]: eax=00000000 ebx=00000000 ecx=00000000 edx=00000000
[    0.000000] CPUID[0d, 0b]: eax=00000000 ebx=00000000 ecx=00000000 edx=00000000
[    0.000000] CPUID[0d, 0c]: eax=00000000 ebx=00000000 ecx=00000000 edx=00000000
[    0.000000] CPUID[0d, 0d]: eax=00000000 ebx=00000000 ecx=00000000 edx=00000000
[    0.000000] CPUID[0d, 0e]: eax=00000000 ebx=00000000 ecx=00000000 edx=00000000
[    0.000000] CPUID[0d, 0f]: eax=00000000 ebx=00000000 ecx=00000000 edx=00000000
[    0.000000] CPUID[0d, 10]: eax=00000000 ebx=00000000 ecx=00000000 edx=00000000
[    0.000000] CPUID[0d, 11]: eax=00000000 ebx=00000000 ecx=00000000 edx=00000000
[    0.000000] x86/fpu: xstate_offset[2]:  576, xstate_sizes[2]:  256
[    0.000000] x86/fpu: Supporting XSAVE feature 0x01: 'x87 floating point registers'
[    0.000000] x86/fpu: Supporting XSAVE feature 0x02: 'SSE registers'
[    0.000000] x86/fpu: Supporting XSAVE feature 0x04: 'AVX registers'
[    0.000000] x86/fpu: Enabled xstate features 0x7, context size is 1088 bytes, using 'standard' format.
[    0.000000] x86/fpu: Using 'lazy' FPU context switches.
[    0.000000] e820: BIOS-provided physical RAM map:
[    0.000000] BIOS-e820: [mem 0x0000000000000000-0x000000000009fbff] usable
[    0.000000] BIOS-e820: [mem 0x000000000009fc00-0x000000000009ffff] reserved
[    0.000000] BIOS-e820: [mem 0x00000000000f0000-0x00000000000fffff] reserved
[    0.000000] BIOS-e820: [mem 0x0000000000100000-0x000000007ffeffff] usable
[    0.000000] BIOS-e820: [mem 0x000000007fff0000-0x000000007fffffff] ACPI data
[    0.000000] BIOS-e820: [mem 0x00000000fec00000-0x00000000fec00fff] reserved
[    0.000000] BIOS-e820: [mem 0x00000000fee00000-0x00000000fee00fff] reserved
[    0.000000] BIOS-e820: [mem 0x00000000fffc0000-0x00000000ffffffff] reserved
[    0.000000] NX (Execute Disable) protection: active
[    0.000000] SMBIOS 2.5 present.
[    0.000000] Hypervisor detected: KVM
[    0.000000] e820: last_pfn = 0x7fff0 max_arch_pfn = 0x400000000
[    0.000000] MTRR: Disabled
[    0.000000] x86/PAT: MTRRs disabled, skipping PAT initialization too.
[    0.000000] CPU MTRRs all blank - virtualized system.
[    0.000000] x86/PAT: Configuration [0-7]: WB  WT  UC- UC  WB  WT  UC- UC  
[    0.000000] found SMP MP-table at [mem 0x0009fff0-0x0009ffff] mapped at [ffff88000009fff0]
[    0.000000] Scanning 1 areas for low memory corruption
[    0.000000] RAMDISK: [mem 0x36adc000-0x37565fff]
[    0.000000] ACPI: Early table checksum verification disabled
[    0.000000] ACPI: RSDP 0x00000000000E0000 000024 (v02 VBOX  )
[    0.000000] ACPI: XSDT 0x000000007FFF0030 00003C (v01 VBOX   VBOXXSDT 00000001 ASL  00000061)
[    0.000000] ACPI: FACP 0x000000007FFF00F0 0000F4 (v04 VBOX   VBOXFACP 00000001 ASL  00000061)
[    0.000000] ACPI: DSDT 0x000000007FFF0470 0021FF (v02 VBOX   VBOXBIOS 00000002 INTL 20170303)
[    0.000000] ACPI: FACS 0x000000007FFF0200 000040
[    0.000000] ACPI: FACS 0x000000007FFF0200 000040
[    0.000000] ACPI: APIC 0x000000007FFF0240 00005C (v02 VBOX   VBOXAPIC 00000001 ASL  00000061)
[    0.000000] ACPI: SSDT 0x000000007FFF02A0 0001CC (v01 VBOX   VBOXCPUT 00000002 INTL 20170303)
[    0.000000] No NUMA configuration found
[    0.000000] Faking a node at [mem 0x0000000000000000-0x000000007ffeffff]
[    0.000000] NODE_DATA(0) allocated [mem 0x7ffeb000-0x7ffeffff]
[    0.000000] kvm-clock: Using msrs 4b564d01 and 4b564d00
[    0.000000] kvm-clock: cpu 0, msr 0:7ffe3001, primary cpu clock
[    0.000000] kvm-clock: using sched offset of 3011492720 cycles
[    0.000000] clocksource: kvm-clock: mask: 0xffffffffffffffff max_cycles: 0x1cd42e4dffb, max_idle_ns: 881590591483 ns
[    0.000000] Zone ranges:
[    0.000000]   DMA      [mem 0x0000000000001000-0x0000000000ffffff]
[    0.000000]   DMA32    [mem 0x0000000001000000-0x000000007ffeffff]
[    0.000000]   Normal   empty
[    0.000000]   Device   empty
[    0.000000] Movable zone start for each node
[    0.000000] Early memory node ranges
[    0.000000]   node   0: [mem 0x0000000000001000-0x000000000009efff]
[    0.000000]   node   0: [mem 0x0000000000100000-0x000000007ffeffff]
[    0.000000] Initmem setup node 0 [mem 0x0000000000001000-0x000000007ffeffff]
[    0.000000] ACPI: PM-Timer IO Port: 0x4008
[    0.000000] IOAPIC[0]: apic_id 2, version 32, address 0xfec00000, GSI 0-23
[    0.000000] ACPI: INT_SRC_OVR (bus 0 bus_irq 0 global_irq 2 dfl dfl)
[    0.000000] ACPI: INT_SRC_OVR (bus 0 bus_irq 9 global_irq 9 high level)
[    0.000000] Using ACPI (MADT) for SMP configuration information
[    0.000000] smpboot: Allowing 2 CPUs, 0 hotplug CPUs
[    0.000000] PM: Registered nosave memory: [mem 0x00000000-0x00000fff]
[    0.000000] PM: Registered nosave memory: [mem 0x0009f000-0x0009ffff]
[    0.000000] PM: Registered nosave memory: [mem 0x000a0000-0x000effff]
[    0.000000] PM: Registered nosave memory: [mem 0x000f0000-0x000fffff]
[    0.000000] e820: [mem 0x80000000-0xfebfffff] available for PCI devices
[    0.000000] Booting paravirtualized kernel on KVM
[    0.000000] clocksource: refined-jiffies: mask: 0xffffffff max_cycles: 0xffffffff, max_idle_ns: 7645519600211568 ns
[    0.000000] setup_percpu: NR_CPUS:512 nr_cpumask_bits:512 nr_cpu_ids:2 nr_node_ids:1
[    0.000000] PERCPU: Embedded 34 pages/cpu @ffff88007fc00000 s98328 r8192 d32744 u1048576
[    0.000000] PV qspinlock hash table entries: 256 (order: 0, 4096 bytes)
[    0.000000] Built 1 zonelists in Node order, mobility grouping on.  Total pages: 515961
[    0.000000] Policy zone: DMA32
[    0.000000] Kernel command line: BOOT_IMAGE=/boot/vmlinuz-4.4.0-97-generic root=LABEL=cloudimg-rootfs ro console=tty1 console=ttyS0
[    0.000000] PID hash table entries: 4096 (order: 3, 32768 bytes)
[    0.000000] Memory: 2033964K/2096696K available (8480K kernel code, 1294K rwdata, 3984K rodata, 1492K init, 1316K bss, 62732K reserved, 0K cma-reserved)
[    0.000000] SLUB: HWalign=64, Order=0-3, MinObjects=0, CPUs=2, Nodes=1
[    0.000000] Hierarchical RCU implementation.
[    0.000000] 	Build-time adjustment of leaf fanout to 64.
[    0.000000] 	RCU restricting CPUs from NR_CPUS=512 to nr_cpu_ids=2.
[    0.000000] RCU: Adjusting geometry for rcu_fanout_leaf=64, nr_cpu_ids=2
[    0.000000] NR_IRQS:33024 nr_irqs:440 16
[    0.000000] Console: colour VGA+ 80x25
[    0.000000] console [tty1] enabled
[    0.000000] console [ttyS0] enabled
[    0.000000] tsc: Detected 2591.998 MHz processor
[    2.835737] Calibrating delay loop (skipped) preset value.. 5183.99 BogoMIPS (lpj=10367992)
[    2.976308] pid_max: default: 32768 minimum: 301
[    3.030844] ACPI: Core revision 20150930
[    3.083218] ACPI: 2 ACPI AML tables successfully acquired and loaded
[    3.181549] Security Framework initialized
[    3.261840] Yama: becoming mindful.
[    3.300750] AppArmor: AppArmor initialized
[    3.368144] Dentry cache hash table entries: 262144 (order: 9, 2097152 bytes)
[    3.447815] Inode-cache hash table entries: 131072 (order: 8, 1048576 bytes)
[    3.482865] Mount-cache hash table entries: 4096 (order: 3, 32768 bytes)
[    3.626459] Mountpoint-cache hash table entries: 4096 (order: 3, 32768 bytes)
[    3.628308] Initializing cgroup subsys io
[    3.688161] Initializing cgroup subsys memory
[    3.718071] Initializing cgroup subsys devices
[    3.718780] Initializing cgroup subsys freezer
[    3.779010] Initializing cgroup subsys net_cls
[    3.779707] Initializing cgroup subsys perf_event
[    3.780418] Initializing cgroup subsys net_prio
[    3.781100] Initializing cgroup subsys hugetlb
[    3.781849] Initializing cgroup subsys pids
[    3.782574] CPU: Physical Processor ID: 0
[    3.783191] CPU: Processor Core ID: 0
[    3.784895] mce: CPU supports 0 MCE banks
[    3.785532] Last level iTLB entries: 4KB 64, 2MB 8, 4MB 8
[    3.786280] Last level dTLB entries: 4KB 64, 2MB 0, 4MB 0, 1GB 4
[    3.788865] Freeing SMP alternatives memory: 32K
[    3.835930] ftrace: allocating 32148 entries in 126 pages
[    3.999170] smpboot: APIC(0) Converting physical 0 to logical package 0
[    4.161178] smpboot: Max logical packages: 1
[    4.269261] x2apic enabled
[    4.301217] Switched APIC routing to physical x2apic.
[    4.362074] ..TIMER: vector=0x30 apic1=0 pin1=2 apic2=-1 pin2=-1
[    4.545034] smpboot: CPU0: Intel(R) Core(TM) i7-6700HQ CPU @ 2.60GHz (family: 0x6, model: 0x5e, stepping: 0x3)
[    4.661742] Performance Events: unsupported p6 CPU model 94 no PMU driver, software events only.
[    4.811786] KVM setup paravirtual spinlock
[    4.888092] x86: Booting SMP configuration:
[    4.967624] .... node  #0, CPUs:      #1
[    5.011626] kvm-clock: cpu 1, msr 0:7ffe3041, secondary cpu clock
[    5.013392] mce: CPU supports 0 MCE banks
[    5.019088] x86: Booted up 1 node, 2 CPUs
[    5.044277] smpboot: Total of 2 processors activated (10367.99 BogoMIPS)
[    5.045690] devtmpfs: initialized
[    5.073438] evm: security.selinux
[    5.098068] evm: security.SMACK64
[    5.144041] evm: security.SMACK64EXEC
[    5.217791] evm: security.SMACK64TRANSMUTE
[    5.332118] evm: security.SMACK64MMAP
[    5.386404] evm: security.ima
[    5.459531] evm: security.capability
[    5.529322] clocksource: jiffies: mask: 0xffffffff max_cycles: 0xffffffff, max_idle_ns: 7645041785100000 ns
[    5.675868] futex hash table entries: 512 (order: 3, 32768 bytes)
[    5.833454] pinctrl core: initialized pinctrl subsystem
[    5.909363] RTC time: 14:03:58, date: 10/16/17
[    5.982926] NET: Registered protocol family 16
[    6.077333] cpuidle: using governor ladder
[    6.164746] cpuidle: using governor menu
[    6.248150] PCCT header not found.
[    6.290214] ACPI: bus type PCI registered
[    6.377682] acpiphp: ACPI Hot Plug PCI Controller Driver version: 0.5
[    6.452106] PCI: Using configuration type 1 for base access
[    6.466783] ACPI: Added _OSI(Module Device)
[    6.481643] ACPI: Added _OSI(Processor Device)
[    6.541264] ACPI: Added _OSI(3.0 _SCP Extensions)
[    6.542006] ACPI: Added _OSI(Processor Aggregator Device)
[    6.543387] ACPI: Executed 1 blocks of module-level executable AML code
[    6.546221] ACPI: Interpreter enabled
[    6.574770] ACPI: (supports S0 S5)
[    6.604840] ACPI: Using IOAPIC for interrupt routing
[    6.640366] PCI: Using host bridge windows from ACPI; if necessary, use "pci=nocrs" and report a bug
[    6.766621] ACPI: PCI Root Bridge [PCI0] (domain 0000 [bus 00-ff])
[    6.815886] acpi PNP0A03:00: _OSC: OS supports [ASPM ClockPM Segments MSI]
[    6.868330] acpi PNP0A03:00: _OSC: not requesting OS control; OS requires [ExtendedConfig ASPM ClockPM MSI]
[    6.946324] acpi PNP0A03:00: fail to add MMCONFIG information, can't access extended PCI configuration space under this bridge.
[    6.996111] PCI host bridge to bus 0000:00
[    6.996997] pci_bus 0000:00: root bus resource [io  0x0000-0x0cf7 window]
[    6.998252] pci_bus 0000:00: root bus resource [io  0x0d00-0xffff window]
[    6.999493] pci_bus 0000:00: root bus resource [mem 0x000a0000-0x000bffff window]
[    7.001089] pci_bus 0000:00: root bus resource [mem 0x80000000-0xffdfffff window]
[    7.002702] pci_bus 0000:00: root bus resource [bus 00-ff]
[    7.010364] pci 0000:00:01.1: legacy IDE quirk: reg 0x10: [io  0x01f0-0x01f7]
[    7.075328] pci 0000:00:01.1: legacy IDE quirk: reg 0x14: [io  0x03f6]
[    7.144134] pci 0000:00:01.1: legacy IDE quirk: reg 0x18: [io  0x0170-0x0177]
[    7.282161] pci 0000:00:01.1: legacy IDE quirk: reg 0x1c: [io  0x0376]
[    7.436498] pci 0000:00:07.0: quirk: [io  0x4000-0x403f] claimed by PIIX4 ACPI
[    7.601295] pci 0000:00:07.0: quirk: [io  0x4100-0x410f] claimed by PIIX4 SMB
[    7.688480] ACPI: PCI Interrupt Link [LNKA] (IRQs 5 9 10 *11)
[    7.789562] ACPI: PCI Interrupt Link [LNKB] (IRQs 5 9 10 *11)
[    7.875826] ACPI: PCI Interrupt Link [LNKC] (IRQs 5 9 *10 11)
[    7.965161] ACPI: PCI Interrupt Link [LNKD] (IRQs 5 *9 10 11)
[    8.065773] ACPI: Enabled 2 GPEs in block 00 to 07
[    8.088432] vgaarb: setting as boot device: PCI:0000:00:02.0
[    8.122621] vgaarb: device added: PCI:0000:00:02.0,decodes=io+mem,owns=io+mem,locks=none
[    8.123881] vgaarb: loaded
[    8.124387] vgaarb: bridge control possible 0000:00:02.0
[    8.125361] SCSI subsystem initialized
[    8.126202] ACPI: bus type USB registered
[    8.126887] usbcore: registered new interface driver usbfs
[    8.128794] usbcore: registered new interface driver hub
[    8.129604] usbcore: registered new device driver usb
[    8.130534] PCI: Using ACPI for IRQ routing
[    8.131499] NetLabel: Initializing
[    8.132063] NetLabel:  domain hash size = 128
[    8.132803] NetLabel:  protocols = UNLABELED CIPSOv4
[    8.133519] NetLabel:  unlabeled traffic allowed by default
[    8.152021] amd_nb: Cannot enumerate AMD northbridges
[    8.152789] clocksource: Switched to clocksource kvm-clock
[    8.159418] AppArmor: AppArmor Filesystem Enabled
[    8.203314] pnp: PnP ACPI init
[    8.288548] pnp: PnP ACPI: found 3 devices
[    8.405668] clocksource: acpi_pm: mask: 0xffffff max_cycles: 0xffffff, max_idle_ns: 2085701024 ns
[    8.633947] NET: Registered protocol family 2
[    8.702805] TCP established hash table entries: 16384 (order: 5, 131072 bytes)
[    8.853045] TCP bind hash table entries: 16384 (order: 6, 262144 bytes)
[    8.854024] TCP: Hash tables configured (established 16384 bind 16384)
[    8.854944] UDP hash table entries: 1024 (order: 3, 32768 bytes)
[    8.855791] UDP-Lite hash table entries: 1024 (order: 3, 32768 bytes)
[    8.856654] NET: Registered protocol family 1
[    8.857446] pci 0000:00:00.0: Limiting direct PCI/PCI transfers
[    8.858346] pci 0000:00:01.0: Activating ISA DMA hang workarounds
[    9.012619] Unpacking initramfs...
[   10.515029] Freeing initrd memory: 10792K
[   10.553526] platform rtc_cmos: registered platform RTC device (no PNP device found)
[   10.698654] Scanning for low memory corruption every 60 seconds
[   10.773119] audit: initializing netlink subsys (disabled)
[   00.777600] audit: type=2000 audit(1508162640.395:1): initialized
[   10.875434] Initialise system trusted keyring
[   10.997656] HugeTLB registered 2 MB page size, pre-allocated 0 pages
[   11.004196] zbud: loaded
[   11.007435] VFS: Disk quotas dquot_6.6.0
[   11.018122] VFS: Dquot-cache hash table entries: 512 (order 0, 4096 bytes)
[   11.022960] squashfs: version 4.0 (2009/01/31) Phillip Lougher
[   11.026404] fuse init (API version 7.23)
[   11.029070] Key type big_key registered
[   11.036768] Allocating IMA MOK and blacklist keyrings.
[   11.048717] Key type asymmetric registered
[   11.077495] Asymmetric key parser 'x509' registered
[   11.078372] Block layer SCSI generic (bsg) driver version 0.4 loaded (major 249)
[   11.118003] io scheduler noop registered
[   11.137473] io scheduler deadline registered (default)
[   11.138491] io scheduler cfq registered
[   11.143900] pci_hotplug: PCI Hot Plug PCI Core version: 0.5
[   11.144837] pciehp: PCI Express Hot Plug Controller Driver version: 0.4
[   11.147797] ACPI: AC Adapter [AC] (on-line)
[   11.150453] input: Power Button as /devices/LNXSYSTM:00/LNXPWRBN:00/input/input0
[   11.156246] ACPI: Power Button [PWRF]
[   11.158417] input: Sleep Button as /devices/LNXSYSTM:00/LNXSLPBN:00/input/input1
[   11.162585] ACPI: Sleep Button [SLPF]
[   11.164152] ACPI: Battery Slot [BAT0] (battery present)
[   11.166232] GHES: HEST is not enabled!
[   11.169996] Serial: 8250/16550 driver, 32 ports, IRQ sharing enabled
[   11.197414] 00:02: ttyS0 at I/O 0x3f8 (irq = 4, base_baud = 115200) is a 16550A
[   11.205260] Linux agpgart interface v0.103
[   11.368676] loop: module loaded
[   11.417936] scsi host0: ata_piix
[   11.437457] scsi host1: ata_piix
[   11.577508] ata1: PATA max UDMA/33 cmd 0x1f0 ctl 0x3f6 bmdma 0xd000 irq 14
[   11.583975] tsc: Refined TSC clocksource calibration: 2596.231 MHz
[   11.583976] clocksource: tsc: mask: 0xffffffffffffffff max_cycles: 0x256c53c7ece, max_idle_ns: 440795302935 ns
[   11.680903] ata2: PATA max UDMA/33 cmd 0x170 ctl 0x376 bmdma 0xd008 irq 15
[   11.682317] libphy: Fixed MDIO Bus: probed
[   11.737680] tun: Universal TUN/TAP device driver, 1.6
[   11.917384] tun: (C) 1999-2004 Max Krasnyansky <maxk@qualcomm.com>
[   11.927726] PPP generic driver version 2.4.2
[   11.930347] ehci_hcd: USB 2.0 'Enhanced' Host Controller (EHCI) Driver
[   11.935727] ehci-pci: EHCI PCI platform driver
[   11.936641] ehci-platform: EHCI generic platform driver
[   11.939074] ohci_hcd: USB 1.1 'Open' Host Controller (OHCI) Driver
[   11.940061] ohci-pci: OHCI PCI platform driver
[   11.940975] ohci-platform: OHCI generic platform driver
[   11.942087] uhci_hcd: USB Universal Host Controller Interface driver
[   11.943309] i8042: PNP: PS/2 Controller [PNP0303:PS2K,PNP0f03:PS2M] at 0x60,0x64 irq 1,12
[   11.948507] serio: i8042 KBD port at 0x60,0x64 irq 1
[   11.950758] serio: i8042 AUX port at 0x60,0x64 irq 12
[   11.951822] mousedev: PS/2 mouse device common for all mice
[   11.954332] input: AT Translated Set 2 keyboard as /devices/platform/i8042/serio0/input/input2
[   11.958658] rtc_cmos rtc_cmos: rtc core: registered rtc_cmos as rtc0
[   12.051722] rtc_cmos rtc_cmos: alarms up to one day, 114 bytes nvram
[   12.173873] i2c /dev entries driver
[   12.174540] device-mapper: uevent: version 1.0.3
[   12.175449] device-mapper: ioctl: 4.34.0-ioctl (2015-10-28) initialised: dm-devel@redhat.com
[   12.177241] ledtrig-cpu: registered to indicate activity on CPUs
[   12.179276] NET: Registered protocol family 10
[   12.180487] NET: Registered protocol family 17
[   12.181546] Key type dns_resolver registered
[   12.182624] microcode: CPU0 sig=0x506e3, pf=0x2, revision=0x0
[   12.183418] microcode: CPU1 sig=0x506e3, pf=0x2, revision=0x0
[   12.184568] microcode: Microcode Update Driver: v2.01 <tigran@aivazian.fsnet.co.uk>, Peter Oruba
[   12.195597] registered taskstats version 1
[   12.357362] Loading compiled-in X.509 certificates
[   12.367657] Loaded X.509 cert 'Build time autogenerated kernel key: d1010f9627fd9242df4b03365d2931dfd1ad3d42'
[   12.424215] zswap: loaded using pool lzo/zbud
[   12.426368] Key type trusted registered
[   12.429755] Key type encrypted registered
[   12.737303] AppArmor: AppArmor sha1 policy hashing enabled
[   13.017380] ima: No TPM chip found, activating TPM-bypass!
[   13.137469] evm: HMAC attrs: 0x1
[   13.144688]   Magic number: 5:225:81
[   13.146981] rtc_cmos rtc_cmos: setting system clock to 2017-10-16 14:04:06 UTC (1508162646)
[   13.807991] BIOS EDD facility v0.16 2004-Jun-25, 0 devices found
[   14.077381] EDD information not available.
[   14.450226] Freeing unused kernel memory: 1492K
[   14.454719] Write protecting the kernel read-only data: 14336k
[   14.456643] Freeing unused kernel memory: 1748K
[   14.937556] Freeing unused kernel memory: 112K
Loading, please wait...
starting version[   15.119672] random: systemd-udevd: uninitialized urandom read (16 bytes read, 5 bits of entropy available)
 229
[   15.120586] random: udevadm: uninitialized urandom read (16 bytes read, 5 bits of entropy available)
[   15.120630] random: udevadm: uninitialized urandom read (16 bytes read, 5 bits of entropy available)
[   15.120778] random: udevadm: uninitialized urandom read (16 bytes read, 5 bits of entropy available)
[   15.120832] random: udevadm: uninitialized urandom read (16 bytes read, 5 bits of entropy available)
[   15.120880] random: udevadm: uninitialized urandom read (16 bytes read, 5 bits of entropy available)
[   15.120927] random: udevadm: uninitialized urandom read (16 bytes read, 5 bits of entropy available)
[   15.120977] random: udevadm: uninitialized urandom read (16 bytes read, 5 bits of entropy available)
[   15.121023] random: udevadm: uninitialized urandom read (16 bytes read, 5 bits of entropy available)
[   15.121068] random: udevadm: uninitialized urandom read (16 bytes read, 5 bits of entropy available)
[   16.678448] e1000: Intel(R) PRO/1000 Network Driver - version 7.3.21-k8-NAPI
[   16.917409] e1000: Copyright (c) 1999-2006 Intel Corporation.
[   17.139122] Fusion MPT base driver 3.04.20
[   17.165353] Copyright (c) 1999-2008 LSI Corporation
[   17.171822] Fusion MPT SPI Host driver 3.04.20
[   17.227568] AVX version of gcm_enc/dec engaged.
[   17.234971] AES CTR mode by8 optimization enabled
[   17.422737] input: ImExPS/2 Generic Explorer Mouse as /devices/platform/i8042/serio1/input/input4
[   17.527871] e1000 0000:00:03.0 eth0: (PCI:33MHz:32-bit) 02:14:68:3e:84:47
[   17.630701] e1000 0000:00:03.0 eth0: Intel(R) PRO/1000 Network Connection
[   17.708062] e1000 0000:00:03.0 enp0s3: renamed from eth0
[   18.257481] mptbase: ioc0: Initiating bringup
[   18.381190] ioc0: LSI53C1030 A0: Capabilities={Initiator}
[   18.851511] scsi host2: ioc0: LSI53C1030 A0, FwRev=00000000h, Ports=1, MaxQ=256, IRQ=20
[   19.461784] scsi 2:0:0:0: Direct-Access     VBOX     HARDDISK         1.0  PQ: 0 ANSI: 5
[   20.179179] scsi target2:0:0: Beginning Domain Validation
[   20.182326] floppy0: no floppy controllers found
[   20.182384] work still pending
[   20.187434] scsi target2:0:0: Domain Validation skipping write tests
[   20.189391] scsi target2:0:0: Ending Domain Validation
[   20.190203] scsi target2:0:0: asynchronous
[   20.191226] scsi 2:0:1:0: Direct-Access     VBOX     HARDDISK         1.0  PQ: 0 ANSI: 5
[   20.192632] scsi target2:0:1: Beginning Domain Validation
[   20.194475] scsi target2:0:1: Domain Validation skipping write tests
[   20.195428] scsi target2:0:1: Ending Domain Validation
[   20.196375] scsi target2:0:1: asynchronous
[   20.200641] sd 2:0:0:0: Attached scsi generic sg0 type 0
[   20.200884] sd 2:0:0:0: [sda] 20971520 512-byte logical blocks: (10.7 GB/10.0 GiB)
[   20.200992] sd 2:0:0:0: [sda] Write Protect is off
[   20.201064] sd 2:0:0:0: [sda] Incomplete mode parameter data
[   20.201066] sd 2:0:0:0: [sda] Assuming drive cache: write through
[   20.202790]  sda: sda1
[   20.203683] sd 2:0:0:0: [sda] Attached SCSI disk
[   20.206935] sd 2:0:1:0: Attached scsi generic sg1 type 0
[   20.207063] sd 2:0:1:0: [sdb] 20480 512-byte logical blocks: (10.5 MB/10.0 MiB)
[   20.207179] sd 2:0:1:0: [sdb] Write Protect is off
[   20.207260] sd 2:0:1:0: [sdb] Incomplete mode parameter data
[   20.207261] sd 2:0:1:0: [sdb] Assuming drive cache: write through
[   20.212638] sd 2:0:1:0: [sdb] Attached SCSI disk
Begin: Loading e[   21.688902] md: linear personality registered for level -1
ssential drivers ... [   21.986900] md: multipath personality registered for level -4
[   22.092303] md: raid0 personality registered for level 0
[   22.187673] md: raid1 personality registered for level 1
[   22.380838] raid6: sse2x1   gen()  9596 MB/s
[   22.548823] raid6: sse2x1   xor()  5507 MB/s
[   22.672844] raid6: sse2x2   gen() 11026 MB/s
[   22.784840] raid6: sse2x2   xor()  7809 MB/s
[   22.932812] raid6: sse2x4   gen() 12989 MB/s
[   23.084880] raid6: sse2x4   xor()  6746 MB/s
[   23.121241] raid6: using algorithm sse2x4 gen() 12989 MB/s
[   23.259272] raid6: .... xor() 6746 MB/s, rmw enabled
[   23.354657] raid6: using ssse3x2 recovery algorithm
[   23.357173] xor: automatically using best checksumming function:
[   23.629612]    avx       : 44698.000 MB/sec
[   23.877174] async_tx: api initialized (async)
[   23.985023] md: raid6 personality registered for level 6
[   24.023128] md: raid5 personality registered for level 5
[   24.024276] md: raid4 personality registered for level 4
[   24.114065] md: raid10 personality registered for level 10
done.
Begin: Running /scripts/init-premount ... done.
Begin: Mounting root file system ... Begin: Running /scripts/local-top ... done.
Begin: Running /scripts/local-premount ... [   24.601596] Btrfs loaded
Scanning for Btrfs filesystems
done.
Warning: fsck no[   24.764636] EXT4-fs (sda1): mounted filesystem with ordered data mode. Opts: (null)
t present, so skipping root file system
done.
Begin: Running /scripts/local-bottom ... done.
Begin: Running /scripts/init-bottom ... done.
[   25.057542] systemd[1]: systemd 229 running in system mode. (+PAM +AUDIT +SELINUX +IMA +APPARMOR +SMACK +SYSVINIT +UTMP +LIBCRYPTSETUP +GCRYPT +GNUTLS +ACL +XZ -LZ4 +SECCOMP +BLKID +ELFUTILS +KMOD -IDN)
[   25.335520] systemd[1]: Detected virtualization oracle.
[   25.405475] systemd[1]: Detected architecture x86-64.

Welcome to [1mUbuntu 16.04.3 LTS[0m!

[   25.489658] systemd[1]: Set hostname to <ubuntu>.
[   25.525045] systemd[1]: Initializing machine ID from random generator.
[   25.680925] systemd[1]: Installed transient /etc/machine-id file.
[   25.876908] random: nonblocking pool is initialized
[   26.017481] systemd[1]: Set up automount Arbitrary Executable File Formats File System Automount Point.
[[0;32m  OK  [0m] Set up automount Arbitrary Executab...ats File System Automount Point.
[   26.268974] systemd[1]: Reached target Encrypted Volumes.
[[0;32m  OK  [0m] Reached target Encrypted Volumes.
[   26.270591] systemd[1]: Listening on udev Control Socket.
[[0;32m  OK  [0m] Listening on udev Control Socket.
[   26.288923] systemd[1]: Reached target Swap.
[[0;32m  OK  [0m] Reached target Swap.
[   26.422307] systemd[1]: Started Forward Password Requests to Wall Directory Watch.
[[0;32m  OK  [0m] Started Forward Password Requests to Wall Directory Watch.
[   26.427835] systemd[1]: Listening on Journal Socket (/dev/log).
[[0;32m  OK  [0m] Listening on Journal Socket (/dev/log).
[   26.430072] systemd[1]: Created slice User and Session Slice.
[[0;32m  OK  [0m] Created slice User and Session Slice.
[   26.431928] systemd[1]: Listening on LVM2 metadata daemon socket.
[[0;32m  OK  [0m] Listening on LVM2 metadata daemon socket.
[   26.433795] systemd[1]: Listening on udev Kernel Socket.
[[0;32m  OK  [0m] Listening on udev Kernel Socket.
[   26.435471] systemd[1]: Started Trigger resolvconf update for networkd DNS.
[[0;32m  OK  [0m] Started Trigger resolvconf update for networkd DNS.
[   26.440993] systemd[1]: Listening on Journal Audit Socket.
[[0;32m  OK  [0m] Listening on Journal Audit Socket.
[   26.442840] systemd[1]: Listening on /dev/initctl Compatibility Named Pipe.
[[0;32m  OK  [0m] Listening on /dev/initctl Compatibility Named Pipe.
[   26.444907] systemd[1]: Listening on Syslog Socket.
[[0;32m  OK  [0m] Listening on Syslog Socket.
[   26.567691] systemd[1]: Listening on Device-mapper event daemon FIFOs.
[[0;32m  OK  [0m] Listening on Device-mapper event daemon FIFOs.
[   26.571882] systemd[1]: Created slice System Slice.
[[0;32m  OK  [0m] Created slice System Slice.
[   26.573590] systemd[1]: Reached target Slices.
[[0;32m  OK  [0m] Reached target Slices.
[   26.575372] systemd[1]: Created slice system-serial\x2dgetty.slice.
[[0;32m  OK  [0m] Created slice system-serial\x2dgetty.slice.
[   26.578126] systemd[1]: Reached target User and Group Name Lookups.
[[0;32m  OK  [0m] Reached target User and Group Name Lookups.
[   26.580053] systemd[1]: Listening on Journal Socket.
[[0;32m  OK  [0m] Listening on Journal Socket.
[   26.612946] systemd[1]: Mounting POSIX Message Queue File System...
         Mounting POSIX Message Queue File System...
[   26.652265] systemd[1]: Starting Load Kernel Modules...
         Starting Load Ke[   26.707867] Loading iSCSI transport class v2.0-870.
rnel Modules...
[   26.777988] systemd[1]: Mounting Debug File System...
         Mounting Debug File System...
[   26.861181] iscsi: registered transport (tcp)
[   26.861695] systemd[1]: Mounting Huge Pages File System...
         Mounting Huge Pages File System.[   27.176175] iscsi: registered transport (iser)
..
[   27.228945] systemd[1]: Starting Set console keymap...
         Starting Set console keymap...
[   27.529018] systemd[1]: Starting Create list of required static device nodes for the current kernel...
         Starting Create list of required st... nodes for the current kernel...
[   27.897047] systemd[1]: Starting Journal Service...
         Starting Journal Service...
[   27.914939] systemd[1]: Starting Remount Root and Kernel File Systems...
[   27.917540] EXT4-fs (sda1): re-mounted. Opts: (null)
         Starting Remount Root and Kernel File Systems...
[   28.965014] systemd[1]: Starting Nameserver information manager...
         Starting Nameserver information manager...
[   29.337140] systemd[1]: Starting Uncomplicated firewall...
         Starting Uncomplicated firewall...
[   29.893139] systemd[1]: Starting Monitoring of LVM2 mirrors, snapshots etc. using dmeventd or progress polling...
         Starting Monitoring of LVM2 mirrors... dmeventd or progress polling...
[   29.908620] systemd[1]: Listening on LVM2 poll daemon socket.
[[0;32m  OK  [0m] Listening on LVM2 poll daemon socket.
[   29.912511] systemd[1]: Mounted Debug File System.
[[0;32m  OK  [0m] Mounted Debug File System.
[   29.988416] systemd[1]: Mounted Huge Pages File System.
[[0;32m  OK  [0m] Mounted Huge Pages File System.
[   29.990018] systemd[1]: Mounted POSIX Message Queue File System.
[[0;32m  OK  [0m] Mounted POSIX Message Queue File System.
[   29.997035] systemd[1]: Started Journal Service.
[[0;32m  OK  [0m] Started Journal Service.
[[0;32m  OK  [0m] Started Load Kernel Modules.
[[0;32m  OK  [0m] Started Set console keymap.
[[0;32m  OK  [0m] Started Create list of required sta...ce nodes for the current kernel.
[[0;32m  OK  [0m] Started Remount Root and Kernel File Systems.
[[0;32m  OK  [0m] Started Uncomplicated firewall.
[[0;32m  OK  [0m] Started Nameserver information manager.
[[0;32m  OK  [0m] Started LVM2 metadata daemon.
         Starting Initial cloud-init job (pre-networking)...
         Starting udev Coldplug all Devices...
         Starting Load/Save Random Seed...
         Starting Create Static Device Nodes in /dev...
         Mounting FUSE Control File System...
         Starting Apply Kernel Variables...
         Starting Flush Journal to Persistent Storage...
[[0;32m  OK  [0m] Mounted FUSE Control File System.
[[0;32m  OK  [0m] Started Load/Save Random Seed.
[[0;32m  OK  [0m] Started Create Static Device Nodes in /dev.
[[0;32m  OK  [0m] Started Apply Kernel Variables.
[[0;32m  OK  [0m] Started udev Coldplug all Devices.
[[0;32m  OK  [0m] Started Monitoring of LVM2 mirrors,...ng dmeventd or progress polling.
[[0;32m  OK  [0m] Started Flush Journal to Persistent Storage.
         Starting udev Kernel Device Manager...
[[0;32m  OK  [0m] Started udev Kernel Device Manager.
[[0;32m  OK  [0m] Started Dispatch Password Requests to Console Directory Watch.
[[0;32m  OK  [0m] Reached target Local File Systems (Pre).
[[0;32m  OK  [0m] Reached target Local File Systems.
         Starting Commit a transient machine-id on disk...
         Starting Create Volatile Files and Directories...
         Starting Set console font and keymap...
         Starting LSB: AppArmor initialization...
         Starting Tell Plymouth To Write Out Runtime Data...
[   23.422314] cloud-init[445]: Cloud-init v. 0.7.9 running 'init-local' at Mon, 16 Oct 2017 14:04:24 +0000. Up 23.18 seconds.
[[0;32m  OK  [0m] Started Commit a transient machine-id on disk.
[[0;32m  OK  [0m] Started Create Volatile Files and Directories.
[[0;32m  OK  [0m] Started Set console font and keymap.
[[0;32m  OK  [0m] Started Tell Plymouth To Write Out Runtime Data.
[[0;32m  OK  [0m] Started Initial cloud-init job (pre-networking).
[[0;32m  OK  [0m] Found device /dev/ttyS0.
[[0;32m  OK  [0m] Listening on Load/Save RF Kill Switch Status /dev/rfkill Watch.
[[0;32m  OK  [0m] Reached target Network (Pre).
[[0;32m  OK  [0m] Created slice system-getty.slice.
[[0;32m  OK  [0m] Reached target System Time Synchronized.
         Starting Update UTMP about System Boot/Shutdown...
[[0;32m  OK  [0m] Started Update UTMP about System Boot/Shutdown.
[[0;32m  OK  [0m] Started LSB: AppArmor initialization.
         Starting Raise network interfaces...
[[0;32m  OK  [0m] Started Raise network interfaces.
         Starting Initial cloud-init job (metadata service crawler)...
[[0;32m  OK  [0m] Reached target Network.
[   27.394378] cloud-init[930]: Cloud-init v. 0.7.9 running 'init' at Mon, 16 Oct 2017 14:04:27 +0000. Up 26.67 seconds.
[   27.431123] cloud-init[930]: ci-info: +++++++++++++++++++++++++++++++++++++Net device info++++++++++++++++++++++++++++++++++++++
[   27.448325] [cloud-init[0;32m  OK  [0m[930]: ] ci-info: +--------+------+----------------------------+---------------+-------+-------------------+Started Initial cloud-init job (metadata service crawler).

[   27.448576] cloud-init[930]: ci-info: | Device |  Up  |          Address           |      Mask     | Scope |     Hw-Address    |
[   27.483940] [[0;32m  OK  [0m] Reached target System Initialization.
[[0;32m  OK  [0m] Listening on D-Bus System Message Bus Socket.
cloud-init[930]: ci-info: +--------+------+----------------------------+---------------+-------+-------------------+
[   27.487001] [[0;32m  OK  [0m] Started ACPI Events Check.
[[0;32m  OK  [0m] Reached target Paths.
[[0;32m  OK  [0m] Listening on UUID daemon activation socket.
[[0;32m  OK  [0m] Started Daily Cleanup of Temporary Directories.
         Starting Socket activation for snappy daemon.
cloud-init[930]: ci-info: |   lo   | True |         127.0.0.1          |   255.0.0.0   |   .   |         .         |
[   27.509935]          cloud-initStarting LXD - unix socket.[930]: 
ci-info: |   lo   | True |          ::1/128           |       .       |  host |         .         |
[   27.512721] [[0;32m  OK  [0m] Listening on ACPID Listen Socket.
[[0;32m  OK  [0m] Started Timer to automatically refresh installed snaps.
[[0;32m  OK  [0m] Started Timer to automatically fetch and run repair assertions.
[[0;32m  OK  [0m] Reached target Cloud-config availability.
[[0;32m  OK  [0m] Reached target Network is Online.
cloud-init[930]: ci-info: | enp0s3 | True |         10.0.2.15          | 255.255.255.0 |   .   | 02:14:68:3e:84:47 |
[   27.517147] cloud-init[930]: ci-info: | enp0s3 | True | fe80::14:68ff:fe3e:8447/64 |       .       |  link | 02:14:68:3e:84:47 |
[   27.519016] cloud-init[930]: ci-info: +--------+------+----------------------------+---------------+-------+-------------------+
[   27.520891] cloud-init[930]: ci-info: +++++++++++++++++++++++++++Route IPv4 info++++++++++++++++++++++++++++
[   27.522579] cloud-init[930]: ci-info: +-------+-------------+----------+---------------+-----------+-------+
[   27.524288]          Starting iSCSI initiator daemon (iscsid)...
[[0;32m  OK  [0m] Started Daily apt download activities.
[[0;32m  OK  [0m] Started Daily apt upgrade and clean activities.
[[0;32m  OK  [0m] Reached target Timers.
[[0;32m  OK  [0m] Listening on Socket activation for snappy daemon.
[[0;32m  OK  [0m] Listening on LXD - unix socket.
[[0;32m  OK  [0m] Reached target Sockets.
[[0;32m  OK  [0m] Reached target Basic System.
         Starting /etc/rc.local Compatibility...
         Starting LSB: Record successful boot for GRUB...
cloud-init[930]: ci-info: | Route | Destination | Gateway  |    Genmask    | Interface | Flags |
[   27.543324] [[0;32m  OK  [0m] Started ACPI event daemon.
cloud-init[930]: ci-info: +-------+-------------+----------+---------------+-----------+-------+
[   27.551267]          Starting Pollinate to seed the pseudo random number generator...
         Starting System Logging Service...
cloud-init[930]: ci-info: |   0   |   0.0.0.0   | 10.0.2.2 |    0.0.0.0    |   enp0s3  |   UG  |
[   27.561559]          cloud-initStarting Snappy daemon...[930]: 
ci-info: |   1   |   10.0.2.0  | 0.0.0.0  | 255.255.255.0 |   enp0s3  |   U   |
[   27.605071] [cloud-init[0;32m  OK  [0m[930]: ] ci-info: +-------+-------------+----------+---------------+-----------+-------+Started FUSE filesystem for LXC.

[   27.605438] cloud-init[930]: Generating public/private rsa key pair.
[[0;32m  OK  [0m] Started Deferred execution scheduler.
[[0;32m  OK  [0m[   27.694466] cloud-init[930]: Your identification has been saved in /etc/ssh/ssh_host_rsa_key.
[   27.696387] cloud-init[930]: Your public key has been saved in /etc/ssh/ssh_host_rsa_key.pub.
[   27.696420] cloud-init[930]: The key fingerprint is:
[   27.696465] cloud-init[930]: SHA256:GKzarAShlDF/KmVvVVs1Ff1x+Kw99TtCQaS1jShyuIM root@ubuntu-xenial
[   27.696495] cloud-init[930]: The key's randomart image is:
[   27.696525] cloud-init[930]: +---[RSA 2048]----+
[   27.696556] cloud-init[930]: | o       . .o=.+o|
[   27.696586] cloud-init[930]: |  =  .  o o +.*.o|
[   27.696614] cloud-init[930]: |.o + .o+ + o.o ++|
[   27.696648] cloud-init[930]: |o.o +.oo+ .  .  =|
[   27.696679] cloud-init[930]: |o. ..E.oS     .oo|
[   27.696710] cloud-init[930]: | ..+.   .    ...o|
[   27.696740] cloud-init[930]: |  o o       .   o|
[   27.696770] cloud-init[930]: | . .         . o |
[   27.696800] cloud-init[930]: |  .           . .|
[   27.697144] cloud-init[930]: +----[SHA256]-----+
[   27.697180] cloud-init[930]: Generating public/private dsa key pair.
[   27.697226] cloud-init[930]: Your identification has been saved in /etc/ssh/ssh_host_dsa_key.
[   27.697258] cloud-init[930]: Your public key has been saved in /etc/ssh/ssh_host_dsa_key.pub.
[   27.697289] cloud-init[930]: The key fingerprint is:
[   27.697320] cloud-init[930]: SHA256:xvIU3COTxCV32V4lO0Ou4ViBWbYzhqHYj/3zybUl/Pk root@ubuntu-xenial
[   27.697351] cloud-init[930]: The key's randomart image is:
[   27.697502] cloud-init[930]: +---[DSA 1024]----+
[   27.697538] cloud-init[930]: |       .o.++=oo o|
[   27.697569] cloud-init[930]: |       =.*o=.=.o.|
[   27.697597] cloud-init[930]: |      . O + B.=. |
[   27.697629] cloud-init[930]: |       . B * =.o |
[   27.697659] cloud-init[930]: |      . S + o    |
[   27.697688] cloud-init[930]: |       =   . .   |
[   27.697718] cloud-init[930]: |        .   o o o|
[   27.697748] cloud-init[930]: |             + =+|
[   27.697776] cloud-init[930]: |              +oE|
[   27.697805] cloud-init[930]: +----[SHA256]-----+
[   27.697833] cloud-init[930]: Generating public/private ecdsa key pair.
[   27.697865] cloud-init[930]: Your identification has been saved in /etc/ssh/ssh_host_ecdsa_key.
[   27.697896] cloud-init[930]: Your public key has been saved in /etc/ssh/ssh_host_ecdsa_key.pub.
[   27.697927] cloud-init[930]: The key fingerprint is:
[   27.697957] cloud-init[930]: SHA256:72vta4LLU/o3Z9PO/1xPiDTR4smgPm71VA/3PnvjeGw root@ubuntu-xenial
[   27.697987] cloud-init[930]: The key's randomart image is:
[   27.698017] cloud-init[930]: +---[ECDSA 256]---+
[   27.698047] cloud-init[930]: |                 |
[   27.698087] cloud-init[930]: |             .   |
[   27.698120] cloud-init[930]: |          . o .  |
[   27.698152] cloud-init[930]: |         . + +o .|
[   27.698183] cloud-init[930]: |        S   *. +.|
[   27.698215] cloud-init[930]: |       . .o..o .o|
[   27.698246] cloud-init[930]: |        o=.+. ooo|
[   27.698276] cloud-init[930]: |       o=oo * =E*|
[   27.698308] cloud-init[930]: |       .+=+*o*+=#|
[   27.698338] cloud-init[930]: +----[SHA256]-----+
[   27.698368] cloud-init[930]: Generating public/private ed25519 key pair.
[   27.698398] cloud-init[930]: Your identification has been saved in /etc/ssh/ssh_host_ed25519_key.
[   27.698430] cloud-init[930]: Your public key has been saved in /etc/ssh/ssh_host_ed25519_key.pub.
[   27.698462] cloud-init[930]: The key fingerprint is:
[   27.698490] cloud-init[930]: SHA256:IaO7fyBDw2SYh7t/j/PCD56N0lSh8RIwQV59eu9tN5o root@ubuntu-xenial
[   27.698522] cloud-init[930]: The key's randomart image is:
[   27.699902] cloud-init[930]: +--[ED25519 256]--+
[   27.699936] cloud-init[930]: |   ==o..         |
[   27.699967] cloud-init[930]: |  +.+oo o .      |
] Started Unattended Upgrades Shutdown.
[   27.700021] cloud-init[930]: |   *. o=.+       |
[   27.818387] cloud-init[930]: |  . +.oo+..      |
[   27.820331] cloud-init[930]: |   o.. oS. .     |
[   27.822150] cloud-init[930]: |  . o.o     .    |
[   27.826062] cloud-init[930]: |   ..*..   . .   |
[   27.829407] cloud-init[930]: |    oo**.   . +..|
[   27.829570] cloud-init[930]: |    .+*B=    E...|
         Starting Accounts Service...
[   27.829680] cloud-init[930]: +----[SHA256]-----+
[[0;32m  OK  [0m] Started Regular background program processing daemon.
         Starting Apply the settings specified in cloud-config...
         Starting LXD - container startup/shutdown...
         Starting Login Service...
         Starting LSB: MD monitoring daemon...
[[0;32m  OK  [0m] Started D-Bus System Message Bus.
[[0;32m  OK  [0m] Started System Logging Service.
[[0;32m  OK  [0m] Started Snappy daemon.
[[0;32m  OK  [0m] Started /etc/rc.local Compatibility.
[[0;32m  OK  [0m] Started LXD - container startup/shutdown.
[[0;32m  OK  [0m] Started iSCSI initiator daemon (iscsid).
[   28.203245] cloud-init[1101]: Generating locales (this might take a while)...
[[0;32m  OK  [0m] Started LSB: Record successful boot for GRUB.
[[0;32m  OK  [0m] Started Login Service.
[[0;32m  OK  [0m] Started LSB: MD monitoring daemon.
         Starting Authenticate and Authorize Users to Run Privileged Tasks...
         Starting Login to default iSCSI targets...
         Starting Auto import assertions from block devices...
[[0;32m  OK  [0m] Started Authenticate and Authorize Users to Run Privileged Tasks.
[[0;32m  OK  [0m] Started Auto import assertions from block devices.
[[0;32m  OK  [0m] Started Accounts Service.
[[0;32m  OK  [0m] Started Login to default iSCSI targets.
[[0;32m  OK  [0m] Started Pollinate to seed the pseudo random number generator.
         Starting OpenBSD Secure Shell server...
[[0;32m  OK  [0m] Reached target Remote File Systems (Pre).
[[0;32m  OK  [0m] Reached target Remote File Systems.
         Starting LSB: Set the CPU Frequency Scaling governor to "ondemand"...
         Starting LSB: daemon to balance interrupts for SMP systems...
         Starting LSB: automatic crash report generation...
         Starting Permit User Sessions...
         Starting LSB: VirtualBox Linux Additions...
[[0;32m  OK  [0m] Started OpenBSD Secure Shell server.
[[0;32m  OK  [0m] Started Permit User Sessions.
[   28.853488] cloud-init[1101]:   en_US.UTF-8... done
[   28.927832] cloud-init[1101]: Generation complete.
[[0;32m  OK  [0m] Started LSB: Set the CPU Frequency Scaling governor to "ondemand".
[[0;32m  OK  [0m] Started LSB: daemon to balance interrupts for SMP systems.
         Starting Terminate Plymouth Boot Screen...
         Starting Hold until boot process finishes up...
[[0;32m  OK  [0m] Started LSB: automatic crash report generation.
[[0;32m  OK  [0m] Started Terminate Plymouth Boot Screen.
[[0;32m  OK  [0m] Started LSB: VirtualBox Linux Additions.
[[0;32m  OK  [0m] Started Hold until boot process finishes up.
         Stopping OpenBSD Secure Shell server...
[[0;32m  OK  [0m] Started Getty on tty1.
         Starting Set console scheme...
[[0;32m  OK  [0m] Started Serial Getty on ttyS0.
[[0;32m  OK  [0m] Reached target Login Prompts.
[[0;32m  OK  [0m] Stopped OpenBSD Secure Shell server.
[[0;32m  OK  [0m] Started Set console scheme.
         Starting OpenBSD Secure Shell server...
[[0;32m  OK  [0m] Started OpenBSD Secure Shell server.
[[0;32m  OK  [0m] Reached target Multi-User System.
[[0;32m  OK  [0m] Reached target Graphical Interface.
         Starting Update UTMP about System Runlevel Changes...
[[0;32m  OK  [0m] Started Update UTMP about System Runlevel Changes.
[   29.960410] cloud-init[1101]: Cloud-init v. 0.7.9 running 'modules:config' at Mon, 16 Oct 2017 14:04:29 +0000. Up 28.10 seconds.
[[0;32m  OK  [0m] Started Apply the settings specified in cloud-config.
         Starting Execute cloud user/final scripts...
ci-info: no authorized ssh keys fingerprints found for user ubuntu.
<14>Oct 16 14:04:31 ec2: 
<14>Oct 16 14:04:31 ec2: #############################################################
<14>Oct 16 14:04:31 ec2: -----BEGIN SSH HOST KEY FINGERPRINTS-----
<14>Oct 16 14:04:31 ec2: 1024 SHA256:xvIU3COTxCV32V4lO0Ou4ViBWbYzhqHYj/3zybUl/Pk root@ubuntu-xenial (DSA)
<14>Oct 16 14:04:31 ec2: 256 SHA256:72vta4LLU/o3Z9PO/1xPiDTR4smgPm71VA/3PnvjeGw root@ubuntu-xenial (ECDSA)
<14>Oct 16 14:04:31 ec2: 256 SHA256:IaO7fyBDw2SYh7t/j/PCD56N0lSh8RIwQV59eu9tN5o root@ubuntu-xenial (ED25519)
<14>Oct 16 14:04:31 ec2: 2048 SHA256:GKzarAShlDF/KmVvVVs1Ff1x+Kw99TtCQaS1jShyuIM root@ubuntu-xenial (RSA)
<14>Oct 16 14:04:31 ec2: -----END SSH HOST KEY FINGERPRINTS-----
<14>Oct 16 14:04:31 ec2: #############################################################
-----BEGIN SSH HOST KEY KEYS-----
ecdsa-sha2-nistp256 AAAAE2VjZHNhLXNoYTItbmlzdHAyNTYAAAAIbmlzdHAyNTYAAABBBG9T5BEH4z7LBTc/pm7xr/HM0ksZ60arxJrH6JIaiDnneTihhedRFVu1y9wTUnnG358m7Bk9nSb5a9hFVMfc8ok= root@ubuntu-xenial
ssh-ed25519 AAAAC3NzaC1lZDI1NTE5AAAAIJMq4SVtMwFGk9RjVbVB9SjkHqi7RW9t6NOP7GJd28jo root@ubuntu-xenial
ssh-rsa AAAAB3NzaC1yc2EAAAADAQABAAABAQCwgw27iaz+Rh0g9ZWwiAWzPrml9T63Nsvx7muDaqMiEI4U1UzADy7dRO/o0RW5UG74VV39fhYzNzMW//kc3Nn6J7FmWMBDmfRaVTpNa/mr4skvZfVYj1SlWSA5P+hBXLe/We0Q3OtasDAlxx/kU5aNY5RgQ65kE76L1foSv81gGlohtOQJtyoj53ZUDBuKHtxH/pyywkBo1cIF85dkXQgE3A6O0v7I8HY/OWx2KYzpmuKD+Btvj0eSrzWwHdXZ0sw9l/hiAYUII6vpgCP5Djiq9Rmy0A0UepjKsa2H8Ec3zFLbWnuy0cp/Qqh5fRQZxkhMpBskU3goDICtiIHKoqu5 root@ubuntu-xenial
-----END SSH HOST KEY KEYS-----
[   30.427037] cloud-init[1299]: Cloud-init v. 0.7.9 running 'modules:final' at Mon, 16 Oct 2017 14:04:31 +0000. Up 30.23 seconds.
[   30.466591] [[0;32m  OK  [0m] Started Execute cloud user/final scripts.
cloud-init[1299]: ci-info: no authorized ssh keys fingerprints found for user ubuntu.[[0;32m  OK  [0m] Reached targ
[   30.469472] cloud-init[1299]: Cloud-init v. 0.7.9 finished at Mon, 16 Oct 2017 14:04:31 +0000. Datasource DataSourceNoCloud [seed=/dev/sdb][dsmode=net].  Up 30.42 seconds

Ubuntu 16.04.3 LTS ubuntu-xenial ttyS0

ubuntu-xenial login:          Stopping Session 7 of user ubuntu.
[[0;32m  OK         Stopping Session 8 of user ubuntu.
[[0;32m  OK  [0m] Stopped target Cloud-config availability.
         Stopping LSB: daemon to balance interrupts for SMP systems...
         Stopping LSB: Set the CPU Frequency Scaling governor to "ondemand"...
[[0;32m  OK  [0m] Unmounted /var/lib/lxcfs.
[[0;32m  OK  [0m] Stopped ACPI event daemon.
[[0;32m  OK  [0m] Stopped System Logging Service.
[[0;32m  OK  [0m] Stopped Snappy daemon.
[[0;32m  OK  [0m] Stopped Deferred execution scheduler.
[[0;32m  OK  [0m] Stopped Accounts Service.
[[0;32m  OK  [0m] Stopped Regular background program processing daemon.
[[0;32m  OK  [0m] Stopped Authenticate and Authorize Users to Run Privileged Tasks.
[[0;32m  OK  [0m] Stopped Getty on tty1.
[[0;32m  OK  [0m] Stopped Serial Getty on ttyS0.
[[0;32m  OK  [0m] Stopped OpenBSD Secure Shell server.
[[0;32m  OK  [0m] Stopped User Manager for UID 1000.
[[0;32m  OK  [0m] Stopped Session 7 of user ubuntu.
[[0;32m  OK  [0m] Stopped D-Bus System Message Bus.
[[0;32m  OK  [0m] Stopped Unattended Upgrades Shutdown.
[[0;32m  OK  [0m] Stopped Session 9 of user ubuntu.
[[0;32m  OK  [0m] Stopped Session 8 of user ubuntu.
[[0;32m  OK  [0m] Stopped FUSE filesystem for LXC.
[[0;32m  OK  [0m] Stopped LXD - container startup/shutdown.
[[0;32m  OK  [0m] Stopped LSB: Record successful boot for GRUB.
[[0;32m  OK  [0m] Stopped LSB: automatic crash report generation.
[[0;32m  OK  [0m] Stopped LSB: MD monitoring daemon.
[[0;32m  OK  [0m] Stopped LSB: Set the CPU Frequency Scaling governor to "ondemand".
[[0;32m  OK  [0m] Stopped LSB: VirtualBox Linux Additions.
[[0;32m  OK  [0m] Stopped LSB: daemon to balance interrupts for SMP systems.
[[0;32m  OK  [0m] Removed slice User Slice of ubuntu.
         Stopping Login Service...
[[0;32m  OK  [0m] Removed slice system-serial\x2dgetty.slice.
         Stopping Permit User Sessions...
[[0;32m  OK  [0m] Removed slice system-getty.slice.
[[0;32m  OK  [0m] Stopped /etc/rc.local Compatibility.
[[0;32m  OK  [0m] Stopped Login Service.
[[0;32m  OK  [0m] Stopped Permit User Sessions.
[[0;32m  OK  [0m] Stopped target Remote File Systems.
[[0;32m  OK  [0m] Stopped target Remote File Systems (Pre).
         Stopping Login to default iSCSI targets...
[[0;32m  OK  [0m] Stopped target User and Group Name Lookups.
[[0;32m  OK  [0m] Stopped target Basic System.
[[0;32m  OK  [0m] Stopped target Paths.
[[0;32m  OK  [0m] Stopped Dispatch Password Requests to Console Directory Watch.
[[0;32m  OK  [0m] Stopped Forward Password Requests to Wall Directory Watch.
[[0;32m  OK  [0m] Stopped ACPI Events Check.
[[0;32m  OK  [0m] Stopped target Sockets.
[[0;32m  OK  [0m] Closed D-Bus System Message Bus Socket.
[[0;32m  OK  [0m] Closed LXD - unix socket.
[[0;32m  OK  [0m] Closed Syslog Socket.
[[0;32m  OK  [0m] Closed Socket activation for snappy daemon.
[[0;32m  OK  [0m] Closed UUID daemon activation socket.
[[0;32m  OK  [0m] Closed ACPID Listen Socket.
[[0;32m  OK  [0m] Stopped target System Initialization.
[[0;32m  OK  [0m] Stopped target Encrypted Volumes.
[[0;32m  OK  [0m] Stopped Commit a transient machine-id on disk.
[[0;32m  OK  [0m] Stopped Create Volatile Files and Directories.
[[0;32m  OK  [0m] Stopped target Swap.
         Stopping Load/Save Random Seed...
[[0;32m  OK  [0m] Stopped target Slices.
[[0;32m  OK  [0m] Removed slice User and Session Slice.
[[0;32m  OK  [0m] Stopped Load/Save Random Seed.
[[0;32m  OK  [0m] Stopped Login to default iSCSI targets.
         Stopping iSCSI initiator daemon (iscsid)...
[[0;32m  OK  [0m] Stopped iSCSI initiator daemon (iscsid).
[[0;32m  OK  [0m] Stopped target Network is Online.
[[0;32m  OK  [0m] Stopped Initial cloud-init job (metadata service crawler).
[[0;32m  OK  [0m] Stopped target Network.
         Stopping Raise network interfaces...
[[0;32m  OK  [0m] Stopped Raise network interfaces.
[[0;32m  OK  [0m] Stopped target Network (Pre).
[[0;32m  OK  [0m] Stopped Initial cloud-init job (pre-networking).
[[0;32m  OK  [0m] Stopped target Local File Systems.
         Unmounting /vagrant...
         Unmounting /run/user/1000...
[[0;32m  OK  [0m] Stopped Apply Kernel Variables.
[[0;32m  OK  [0m] Stopped Load Kernel Modules.
[[0;32m  OK  [0m] Unmounted /vagrant.
[[0;32m  OK  [0m] Unmounted /run/user/1000.
[[0;32m  OK  [0m] Reached target Unmount All Filesystems.
[[0;32m  OK  [0m] Stopped target Local File Systems (Pre).
         Stopping Monitoring of LVM2 mirrors... dmeventd or progress polling...
[[0;32m  OK  [0m] Stopped Create Static Device Nodes in /dev.
[[0;32m  OK  [0m] Stopped Remount Root and Kernel File Systems.
[[0;32m  OK  [0m] Reached target Shutdown.
[ 2667.124587] reboot: Power down
